<?xml version="1.0" encoding="UTF-8"?>
<testsuite name="MusicAdvisorTest" tests="1" skipped="0" failures="0" errors="0" timestamp="2021-12-30T11:43:25" hostname="DESKTOP-4337CLR" time="0.068">
  <properties/>
  <testcase name="start" classname="MusicAdvisorTest" time="0.068"/>
  <system-out><![CDATA[?[1;31m
Start test 1?[0m
> auth
https://accounts.spotify.com/authorize?client_id=9cb56016f11244088c69cf209d5737b2&redirect_uri=http://localhost:8080&response_type=code
---SUCCESS---
> exit
---GOODBYE!---
?[1;31m
Start test 2?[0m
> new
Please, provide access for application.
> exit
---GOODBYE!---
?[1;31m
Start test 3?[0m
> featured
Please, provide access for application.
> exit
---GOODBYE!---
?[1;31m
Start test 4?[0m
> auth
https://accounts.spotify.com/authorize?client_id=9cb56016f11244088c69cf209d5737b2&redirect_uri=http://localhost:8080&response_type=code
---SUCCESS---
> new
---NEW RELEASES---
Mountains [Sia, Diplo, Labrinth]
The Greatest Show [Panic! At The Disco]
> featured
---FEATURED---
Mellow Morning
Wake Up and Smell the Coffee
> exit
---GOODBYE!---
]]></system-out>
  <system-err><![CDATA[]]></system-err>
</testsuite>
