<?xml version="1.0" encoding="UTF-8"?>
<testsuite name="PhoneBookTest" tests="1" skipped="0" failures="0" errors="0" timestamp="2021-11-25T15:25:02" hostname="DESKTOP-4337CLR" time="18.963">
  <properties/>
  <testcase name="start" classname="PhoneBookTest" time="18.963"/>
  <system-out><![CDATA[?[1;31m
Start test 1?[0m
Start searching...
?[1;31m
Start test 2?[0m
Start searching...
]]></system-out>
  <system-err><![CDATA[]]></system-err>
</testsuite>
