<?xml version="1.0" encoding="UTF-8"?>
<testsuite name="SimpleBankSystemTest" tests="1" skipped="0" failures="0" errors="0" timestamp="2022-01-01T16:05:12" hostname="DESKTOP-4337CLR" time="0.196">
  <properties/>
  <testcase name="start" classname="SimpleBankSystemTest" time="0.196"/>
  <system-out><![CDATA[?[1;31m
Start test 1?[0m
1. Create an account
2. Log into account
0. Exit
> 1

Your card has been created
Your card number:
4000007612565165
Your card PIN:
1888

1. Create an account
2. Log into account
0. Exit
> 1

Your card has been created
Your card number:
4000005890544274
Your card PIN:
2612

1. Create an account
2. Log into account
0. Exit
> 0
?[1;31m
Start test 2?[0m
1. Create an account
2. Log into account
0. Exit
> 1

Your card has been created
Your card number:
4000003215834538
Your card PIN:
1378

1. Create an account
2. Log into account
0. Exit
> 2
Enter your card number:
> 4000003215834538
Enter your PIN:
> 1378
You have successfully logged in!
1. Balance
2. Log out
0. Exit
> 2
1. Create an account
2. Log into account
0. Exit
> 0
?[1;31m
Start test 3?[0m
1. Create an account
2. Log into account
0. Exit
> 1

Your card has been created
Your card number:
4000003542472382
Your card PIN:
8510

1. Create an account
2. Log into account
0. Exit
> 2
Enter your card number:
> 4000003542472382
Enter your PIN:
> 1111
1. Create an account
2. Log into account
0. Exit
> 0
?[1;31m
Start test 4?[0m
1. Create an account
2. Log into account
0. Exit
> 1

Your card has been created
Your card number:
4000002897913909
Your card PIN:
5308

1. Create an account
2. Log into account
0. Exit
> 2
Enter your card number:
> 400000302054981
Enter your PIN:
> 5308
Wrong card number or PIN!
1. Create an account
2. Log into account
0. Exit
?[1;31m
Start test 5?[0m
1. Create an account
2. Log into account
0. Exit
> 1

Your card has been created
Your card number:
4000006162044118
Your card PIN:
6755

1. Create an account
2. Log into account
0. Exit
> 2
Enter your card number:
> 4000006162044118
Enter your PIN:
> 6755
You have successfully logged in!
1. Balance
2. Log out
0. Exit
> 1
Balance: 0
1. Balance
2. Log out
0. Exit
> 0
?[1;31m
Start test 6?[0m
1. Create an account
2. Log into account
0. Exit
> 1

Your card has been created
Your card number:
4000004731694968
Your card PIN:
6870

1. Create an account
2. Log into account
0. Exit
> 1

Your card has been created
Your card number:
4000001027291848
Your card PIN:
4357

1. Create an account
2. Log into account
0. Exit
> 1

Your card has been created
Your card number:
4000009288333654
Your card PIN:
7634

1. Create an account
2. Log into account
0. Exit
> 1

Your card has been created
Your card number:
4000004068976293
Your card PIN:
0679

1. Create an account
2. Log into account
0. Exit
> 1

Your card has been created
Your card number:
4000005599313302
Your card PIN:
1072

1. Create an account
2. Log into account
0. Exit
> 1

Your card has been created
Your card number:
4000009394247343
Your card PIN:
8179

1. Create an account
2. Log into account
0. Exit
> 1

Your card has been created
Your card number:
4000008746491385
Your card PIN:
3758

1. Create an account
2. Log into account
0. Exit
> 1

Your card has been created
Your card number:
4000009568383114
Your card PIN:
0070

1. Create an account
2. Log into account
0. Exit
> 1

Your card has been created
Your card number:
4000006466631784
Your card PIN:
3538

1. Create an account
2. Log into account
0. Exit
> 1

Your card has been created
Your card number:
4000008076264303
Your card PIN:
3751

1. Create an account
2. Log into account
0. Exit
> 1

Your card has been created
Your card number:
4000006068751568
Your card PIN:
0480

1. Create an account
2. Log into account
0. Exit
> 1

Your card has been created
Your card number:
4000006319156120
Your card PIN:
0490

1. Create an account
2. Log into account
0. Exit
> 1

Your card has been created
Your card number:
4000002866433590
Your card PIN:
9790

1. Create an account
2. Log into account
0. Exit
> 1

Your card has been created
Your card number:
4000001525052296
Your card PIN:
9109

1. Create an account
2. Log into account
0. Exit
> 1

Your card has been created
Your card number:
4000009414392327
Your card PIN:
2637

1. Create an account
2. Log into account
0. Exit
> 1

Your card has been created
Your card number:
4000008192932346
Your card PIN:
3342

1. Create an account
2. Log into account
0. Exit
> 1

Your card has been created
Your card number:
4000001970702718
Your card PIN:
9026

1. Create an account
2. Log into account
0. Exit
> 1

Your card has been created
Your card number:
4000004254131166
Your card PIN:
8883

1. Create an account
2. Log into account
0. Exit
> 1

Your card has been created
Your card number:
4000004975918958
Your card PIN:
6905

1. Create an account
2. Log into account
0. Exit
> 1

Your card has been created
Your card number:
4000003992501185
Your card PIN:
7792

1. Create an account
2. Log into account
0. Exit
]]></system-out>
  <system-err><![CDATA[]]></system-err>
</testsuite>
