<?xml version="1.0" encoding="UTF-8"?>
<testsuite name="SimpleBankSystemTest" tests="1" skipped="0" failures="0" errors="0" timestamp="2022-01-03T18:12:46" hostname="DESKTOP-4337CLR" time="0.385">
  <properties/>
  <testcase name="start" classname="SimpleBankSystemTest" time="0.385"/>
  <system-out><![CDATA[?[1;31m
Start test 1?[0m
Connected
Connected
1. Create an account
2. Log into account
0. Exit
> 0
Connected
4000008336003343
400000193204651
?[1;31m
Start test 2?[0m
Connected
Connected
1. Create an account
2. Log into account
0. Exit
> 0
Connected
4000008336003343
400000193204651
?[1;31m
Start test 3?[0m
Connected
Connected
1. Create an account
2. Log into account
0. Exit
> 0
Connected
4000008336003343
400000193204651
?[1;31m
Start test 4?[0m
Connected
Connected
1. Create an account
2. Log into account
0. Exit
> 0
Connected
4000008336003343
400000193204651
?[1;31m
Start test 5?[0m
Connected
Connected
1. Create an account
2. Log into account
0. Exit
> 1
Connected

Your card has been created
Your card number:
4000004729870059
Your card PIN:
1780

1. Create an account
2. Log into account
0. Exit
> 1
Connected

Your card has been created
Your card number:
4000005847903706
Your card PIN:
9474

1. Create an account
2. Log into account
0. Exit
> 1
Connected

Your card has been created
Your card number:
4000001968383281
Your card PIN:
5215

1. Create an account
2. Log into account
0. Exit
> 1
Connected

Your card has been created
Your card number:
4000004845182314
Your card PIN:
8136

1. Create an account
2. Log into account
0. Exit
> 1
Connected

Your card has been created
Your card number:
4000003349955811
Your card PIN:
6149

1. Create an account
2. Log into account
0. Exit
> 0
Connected
4000004729870059
4000005847903706
4000001968383281
4000004845182314
4000003349955811
4000004729870059
4000005847903706
4000001968383281
4000004845182314
4000003349955811
?[1;31m
Start test 6?[0m
Connected
Connected
1. Create an account
2. Log into account
0. Exit
> 1
Connected

Your card has been created
Your card number:
4000004365708993
Your card PIN:
8546

1. Create an account
2. Log into account
0. Exit
> 2
Enter your card number:
> 4000004365708993
Enter your PIN:
> 8546
Connected
You have successfully logged in!
1. Balance
2. Log out
0. Exit
> 0
?[1;31m
Start test 7?[0m
Connected
Connected
1. Create an account
2. Log into account
0. Exit
> 1
Connected

Your card has been created
Your card number:
4000006954205810
Your card PIN:
7793

1. Create an account
2. Log into account
0. Exit
> 2
Enter your card number:
> 4000006954205810
Enter your PIN:
> 9146
Connected
1. Create an account
2. Log into account
0. Exit
> 0
Connected
4000004729870059
4000005847903706
4000001968383281
4000004845182314
4000003349955811
4000004365708993
4000006954205810
?[1;31m
Start test 8?[0m
Connected
Connected
1. Create an account
2. Log into account
0. Exit
> 1
Connected

Your card has been created
Your card number:
4000009553300057
Your card PIN:
5775

1. Create an account
2. Log into account
0. Exit
> 2
Enter your card number:
> 400000100889460
Enter your PIN:
> 5775
Connected
Wrong card number or PIN!
1. Create an account
2. Log into account
0. Exit
> 0
Connected
4000004729870059
4000005847903706
4000001968383281
4000004845182314
4000003349955811
4000004365708993
4000006954205810
4000009553300057
?[1;31m
Start test 9?[0m
Connected
Connected
1. Create an account
2. Log into account
0. Exit
> 1
Connected

Your card has been created
Your card number:
4000001714009834
Your card PIN:
9752

1. Create an account
2. Log into account
0. Exit
> 2
Enter your card number:
> 4000001714009834
Enter your PIN:
> 9752
Connected
You have successfully logged in!
1. Balance
2. Log out
0. Exit
> 1
Balance: 0
1. Balance
2. Log out
0. Exit
> 0
]]></system-out>
  <system-err><![CDATA[]]></system-err>
</testsuite>
