<?xml version="1.0" encoding="UTF-8"?>
<testsuite name="SimpleBankSystemTest" tests="1" skipped="0" failures="1" errors="0" timestamp="2022-01-02T23:13:04" hostname="DESKTOP-4337CLR" time="0.276">
  <properties/>
  <testcase name="start" classname="SimpleBankSystemTest" time="0.276">
    <failure message="java.lang.AssertionError: Wrong answer in test #5&#10;&#10;Correct PIN for card number 4000001161720594 should be 0500&#10;&#10;Please find below the output of your program during this failed test.&#10;Note that the '&gt;' character indicates the beginning of the input line.&#10;&#10;---&#10;&#10;Arguments: -fileName card.s3db&#10;&#10;Connected&#10;Connected&#10;1. Create an account&#10;2. Log into account&#10;0. Exit&#10;&gt; 1&#10;Connected&#10;&#10;Your card has been created&#10;Your card number:&#10;4000001595290586&#10;Your card PIN:&#10;7920&#10;&#10;1. Create an account&#10;2. Log into account&#10;0. Exit&#10;&gt; 1&#10;Connected&#10;&#10;Your card has been created&#10;Your card number:&#10;4000002579386200&#10;Your card PIN:&#10;9381&#10;&#10;1. Create an account&#10;2. Log into account&#10;0. Exit&#10;&gt; 1&#10;Connected&#10;&#10;Your card has been created&#10;Your card number:&#10;4000001161720594&#10;Your card PIN:&#10;0500&#10;&#10;1. Create an account&#10;2. Log into account&#10;0. Exit&#10;&gt; 1&#10;Connected&#10;&#10;Your card has been created&#10;Your card number:&#10;4000009380086440&#10;Your card PIN:&#10;4843&#10;&#10;1. Create an account&#10;2. Log into account&#10;0. Exit&#10;&gt; 1&#10;Connected&#10;&#10;Your card has been created&#10;Your card number:&#10;4000007646908241&#10;Your card PIN:&#10;6813&#10;&#10;1. Create an account&#10;2. Log into account&#10;0. Exit&#10;&gt; 0&#10;4000001595290586&#10;4000002579386200&#10;4000001161720594&#10;4000009380086440&#10;4000007646908241" type="java.lang.AssertionError">java.lang.AssertionError: Wrong answer in test #5

Correct PIN for card number 4000001161720594 should be 0500

Please find below the output of your program during this failed test.
Note that the '&gt;' character indicates the beginning of the input line.

---

Arguments: -fileName card.s3db

Connected
Connected
1. Create an account
2. Log into account
0. Exit
&gt; 1
Connected

Your card has been created
Your card number:
4000001595290586
Your card PIN:
7920

1. Create an account
2. Log into account
0. Exit
&gt; 1
Connected

Your card has been created
Your card number:
4000002579386200
Your card PIN:
9381

1. Create an account
2. Log into account
0. Exit
&gt; 1
Connected

Your card has been created
Your card number:
4000001161720594
Your card PIN:
0500

1. Create an account
2. Log into account
0. Exit
&gt; 1
Connected

Your card has been created
Your card number:
4000009380086440
Your card PIN:
4843

1. Create an account
2. Log into account
0. Exit
&gt; 1
Connected

Your card has been created
Your card number:
4000007646908241
Your card PIN:
6813

1. Create an account
2. Log into account
0. Exit
&gt; 0
4000001595290586
4000002579386200
4000001161720594
4000009380086440
4000007646908241
	at org.junit.Assert.fail(Assert.java:88)
	at org.hyperskill.hstest.stage.StageTest.start(StageTest.java:155)
	at java.base/jdk.internal.reflect.NativeMethodAccessorImpl.invoke0(Native Method)
	at java.base/jdk.internal.reflect.NativeMethodAccessorImpl.invoke(NativeMethodAccessorImpl.java:77)
	at java.base/jdk.internal.reflect.DelegatingMethodAccessorImpl.invoke(DelegatingMethodAccessorImpl.java:43)
	at java.base/java.lang.reflect.Method.invoke(Method.java:568)
	at org.junit.runners.model.FrameworkMethod$1.runReflectiveCall(FrameworkMethod.java:50)
	at org.junit.internal.runners.model.ReflectiveCallable.run(ReflectiveCallable.java:12)
	at org.junit.runners.model.FrameworkMethod.invokeExplosively(FrameworkMethod.java:47)
	at org.junit.internal.runners.statements.InvokeMethod.evaluate(InvokeMethod.java:17)
	at org.junit.runners.ParentRunner.runLeaf(ParentRunner.java:325)
	at org.junit.runners.BlockJUnit4ClassRunner.runChild(BlockJUnit4ClassRunner.java:78)
	at org.junit.runners.BlockJUnit4ClassRunner.runChild(BlockJUnit4ClassRunner.java:57)
	at org.junit.runners.ParentRunner$3.run(ParentRunner.java:290)
	at org.junit.runners.ParentRunner$1.schedule(ParentRunner.java:71)
	at org.junit.runners.ParentRunner.runChildren(ParentRunner.java:288)
	at org.junit.runners.ParentRunner.access$000(ParentRunner.java:58)
	at org.junit.runners.ParentRunner$2.evaluate(ParentRunner.java:268)
	at org.junit.internal.runners.statements.RunBefores.evaluate(RunBefores.java:26)
	at org.junit.internal.runners.statements.RunAfters.evaluate(RunAfters.java:27)
	at org.junit.runners.ParentRunner.run(ParentRunner.java:363)
	at org.gradle.api.internal.tasks.testing.junit.JUnitTestClassExecutor.runTestClass(JUnitTestClassExecutor.java:110)
	at org.gradle.api.internal.tasks.testing.junit.JUnitTestClassExecutor.execute(JUnitTestClassExecutor.java:58)
	at org.gradle.api.internal.tasks.testing.junit.JUnitTestClassExecutor.execute(JUnitTestClassExecutor.java:38)
	at org.gradle.api.internal.tasks.testing.junit.AbstractJUnitTestClassProcessor.processTestClass(AbstractJUnitTestClassProcessor.java:62)
	at org.gradle.api.internal.tasks.testing.SuiteTestClassProcessor.processTestClass(SuiteTestClassProcessor.java:51)
	at java.base/jdk.internal.reflect.NativeMethodAccessorImpl.invoke0(Native Method)
	at java.base/jdk.internal.reflect.NativeMethodAccessorImpl.invoke(NativeMethodAccessorImpl.java:77)
	at java.base/jdk.internal.reflect.DelegatingMethodAccessorImpl.invoke(DelegatingMethodAccessorImpl.java:43)
	at java.base/java.lang.reflect.Method.invoke(Method.java:568)
	at org.gradle.internal.dispatch.ReflectionDispatch.dispatch(ReflectionDispatch.java:36)
	at org.gradle.internal.dispatch.ReflectionDispatch.dispatch(ReflectionDispatch.java:24)
	at org.gradle.internal.dispatch.ContextClassLoaderDispatch.dispatch(ContextClassLoaderDispatch.java:33)
	at org.gradle.internal.dispatch.ProxyDispatchAdapter$DispatchingInvocationHandler.invoke(ProxyDispatchAdapter.java:94)
	at jdk.proxy1/jdk.proxy1.$Proxy2.processTestClass(Unknown Source)
	at org.gradle.api.internal.tasks.testing.worker.TestWorker.processTestClass(TestWorker.java:121)
	at java.base/jdk.internal.reflect.NativeMethodAccessorImpl.invoke0(Native Method)
	at java.base/jdk.internal.reflect.NativeMethodAccessorImpl.invoke(NativeMethodAccessorImpl.java:77)
	at java.base/jdk.internal.reflect.DelegatingMethodAccessorImpl.invoke(DelegatingMethodAccessorImpl.java:43)
	at java.base/java.lang.reflect.Method.invoke(Method.java:568)
	at org.gradle.internal.dispatch.ReflectionDispatch.dispatch(ReflectionDispatch.java:36)
	at org.gradle.internal.dispatch.ReflectionDispatch.dispatch(ReflectionDispatch.java:24)
	at org.gradle.internal.remote.internal.hub.MessageHubBackedObjectConnection$DispatchWrapper.dispatch(MessageHubBackedObjectConnection.java:182)
	at org.gradle.internal.remote.internal.hub.MessageHubBackedObjectConnection$DispatchWrapper.dispatch(MessageHubBackedObjectConnection.java:164)
	at org.gradle.internal.remote.internal.hub.MessageHub$Handler.run(MessageHub.java:414)
	at org.gradle.internal.concurrent.ExecutorPolicy$CatchAndRecordFailures.onExecute(ExecutorPolicy.java:64)
	at org.gradle.internal.concurrent.ManagedExecutorImpl$1.run(ManagedExecutorImpl.java:48)
	at java.base/java.util.concurrent.ThreadPoolExecutor.runWorker(ThreadPoolExecutor.java:1136)
	at java.base/java.util.concurrent.ThreadPoolExecutor$Worker.run(ThreadPoolExecutor.java:635)
	at org.gradle.internal.concurrent.ThreadFactoryImpl$ManagedThreadRunnable.run(ThreadFactoryImpl.java:56)
	at java.base/java.lang.Thread.run(Thread.java:833)
</failure>
  </testcase>
  <system-out><![CDATA[?[1;31m
Start test 1?[0m
Connected
Connected
1. Create an account
2. Log into account
0. Exit
> 0
?[1;31m
Start test 2?[0m
Connected
Connected
1. Create an account
2. Log into account
0. Exit
> 0
?[1;31m
Start test 3?[0m
Connected
Connected
1. Create an account
2. Log into account
0. Exit
> 0
?[1;31m
Start test 4?[0m
Connected
Connected
1. Create an account
2. Log into account
0. Exit
> 0
?[1;31m
Start test 5?[0m
Connected
Connected
1. Create an account
2. Log into account
0. Exit
> 1
Connected

Your card has been created
Your card number:
4000001595290586
Your card PIN:
7920

1. Create an account
2. Log into account
0. Exit
> 1
Connected

Your card has been created
Your card number:
4000002579386200
Your card PIN:
9381

1. Create an account
2. Log into account
0. Exit
> 1
Connected

Your card has been created
Your card number:
4000001161720594
Your card PIN:
0500

1. Create an account
2. Log into account
0. Exit
> 1
Connected

Your card has been created
Your card number:
4000009380086440
Your card PIN:
4843

1. Create an account
2. Log into account
0. Exit
> 1
Connected

Your card has been created
Your card number:
4000007646908241
Your card PIN:
6813

1. Create an account
2. Log into account
0. Exit
> 0
4000001595290586
4000002579386200
4000001161720594
4000009380086440
4000007646908241
]]></system-out>
  <system-err><![CDATA[]]></system-err>
</testsuite>
