<?xml version="1.0" encoding="UTF-8"?>
<testsuite name="CarSharingTest" tests="1" skipped="0" failures="0" errors="0" timestamp="2022-02-20T09:19:41" hostname="DESKTOP-4337CLR" time="0.761">
  <properties/>
  <testcase name="start" classname="CarSharingTest" time="0.761"/>
  <system-out><![CDATA[?[1;31m
Start test 1?[0m
1. Log in as a manager
0. Exit
> 0
?[1;31m
Start test 2?[0m
1. Log in as a manager
0. Exit
> 1
1. Company list
2. Create a company
0. Back
> 0
1. Log in as a manager
0. Exit
?[1;31m
Start test 3?[0m
?[1;31m
Start test 4?[0m
?[1;31m
Start test 5?[0m
?[1;31m
Start test 6?[0m
1. Log in as a manager
0. Exit
> 1
1. Company list
2. Create a company
0. Back
> 1
The company list is empty!
1. Company list
2. Create a company
0. Back
> 2
Enter the company name:
> Super company
1. Company list
2. Create a company
0. Back
> 1
Choose the company:
1. Super company
0. Back
> 0
1. Company list
2. Create a company
0. Back
> 2
Enter the company name:
> Another company
1. Company list
2. Create a company
0. Back
> 2
Enter the company name:
> One more company
1. Company list
2. Create a company
0. Back
> 1
Choose the company:
1. Super company
2. Another company
3. One more company
0. Back
> 2
'Another company' company
1. Car list
2. Create a car
0. Back
?[1;31m
Start test 7?[0m
1. Log in as a manager
0. Exit
> 1
1. Company list
2. Create a company
0. Back
> 2
Enter the company name:
> Car To Go
1. Company list
2. Create a company
0. Back
> 2
Enter the company name:
> Drive Now
1. Company list
2. Create a company
0. Back
> 1
Choose the company:
1. Car To Go
2. Drive Now
0. Back
> 1
'Car To Go' company
1. Car list
2. Create a car
0. Back
> 1
The car list is empty!
'Car To Go' company
1. Car list
2. Create a car
0. Back
> 2
Enter the car name:
> Hyundai Venue
'Car To Go' company
1. Car list
2. Create a car
0. Back
> 2
Enter the car name:
> Maruti Suzuki Dzire
'Car To Go' company
1. Car list
2. Create a car
0. Back
> 1
Car list:
1. Hyundai Venue
2. Maruti Suzuki Dzire
'Car To Go' company
1. Car list
2. Create a car
0. Back
> 0
1. Company list
2. Create a company
0. Back
> 1
Choose the company:
1. Car To Go
2. Drive Now
0. Back
> 2
'Drive Now' company
1. Car list
2. Create a car
0. Back
> 1
The car list is empty!
'Drive Now' company
1. Car list
2. Create a car
0. Back
> 2
Enter the car name:
> Lamborghini Urraco
'Drive Now' company
1. Car list
2. Create a car
0. Back
> 1
Car list:
1. Lamborghini Urraco
'Drive Now' company
1. Car list
2. Create a car
0. Back
> 0
1. Company list
2. Create a company
0. Back
> 0
1. Log in as a manager
0. Exit
> 0
]]></system-out>
  <system-err><![CDATA[org.h2.jdbc.JdbcSQLSyntaxErrorException: Table "CAR" not found; SQL statement:
DROP TABLE car [42102-200]
	at org.h2.message.DbException.getJdbcSQLException(DbException.java:453)
	at org.h2.message.DbException.getJdbcSQLException(DbException.java:429)
	at org.h2.message.DbException.get(DbException.java:205)
	at org.h2.message.DbException.get(DbException.java:181)
	at org.h2.command.ddl.DropTable.prepareDrop(DropTable.java:65)
	at org.h2.command.ddl.DropTable.update(DropTable.java:124)
	at org.h2.command.CommandContainer.update(CommandContainer.java:198)
	at org.h2.command.Command.executeUpdate(Command.java:251)
	at org.h2.jdbc.JdbcStatement.executeUpdateInternal(JdbcStatement.java:168)
	at org.h2.jdbc.JdbcStatement.executeUpdate(JdbcStatement.java:126)
	at carsharing.Database.dropTable(Database.java:78)
	at carsharing.Main.<clinit>(Main.java:14)
	at java.base/jdk.internal.reflect.NativeMethodAccessorImpl.invoke0(Native Method)
	at java.base/jdk.internal.reflect.NativeMethodAccessorImpl.invoke(NativeMethodAccessorImpl.java:77)
	at java.base/jdk.internal.reflect.DelegatingMethodAccessorImpl.invoke(DelegatingMethodAccessorImpl.java:43)
	at java.base/java.lang.reflect.Method.invoke(Method.java:568)
	at org.hyperskill.hstest.testing.execution.MainMethodExecutor.invokeMain(MainMethodExecutor.java:172)
	at org.hyperskill.hstest.testing.execution.MainMethodExecutor.lambda$launch$0(MainMethodExecutor.java:199)
	at java.base/java.util.concurrent.Executors$RunnableAdapter.call(Executors.java:539)
	at java.base/java.util.concurrent.FutureTask.run(FutureTask.java:264)
	at java.base/java.util.concurrent.ThreadPoolExecutor.runWorker(ThreadPoolExecutor.java:1136)
	at java.base/java.util.concurrent.ThreadPoolExecutor$Worker.run(ThreadPoolExecutor.java:635)
	at java.base/java.lang.Thread.run(Thread.java:833)
org.h2.jdbc.JdbcSQLSyntaxErrorException: Table "COMPANY" not found; SQL statement:
DROP TABLE company [42102-200]
	at org.h2.message.DbException.getJdbcSQLException(DbException.java:453)
	at org.h2.message.DbException.getJdbcSQLException(DbException.java:429)
	at org.h2.message.DbException.get(DbException.java:205)
	at org.h2.message.DbException.get(DbException.java:181)
	at org.h2.command.ddl.DropTable.prepareDrop(DropTable.java:65)
	at org.h2.command.ddl.DropTable.update(DropTable.java:124)
	at org.h2.command.CommandContainer.update(CommandContainer.java:198)
	at org.h2.command.Command.executeUpdate(Command.java:251)
	at org.h2.jdbc.JdbcStatement.executeUpdateInternal(JdbcStatement.java:168)
	at org.h2.jdbc.JdbcStatement.executeUpdate(JdbcStatement.java:126)
	at carsharing.Database.dropTable(Database.java:78)
	at carsharing.Main.<clinit>(Main.java:15)
	at java.base/jdk.internal.reflect.NativeMethodAccessorImpl.invoke0(Native Method)
	at java.base/jdk.internal.reflect.NativeMethodAccessorImpl.invoke(NativeMethodAccessorImpl.java:77)
	at java.base/jdk.internal.reflect.DelegatingMethodAccessorImpl.invoke(DelegatingMethodAccessorImpl.java:43)
	at java.base/java.lang.reflect.Method.invoke(Method.java:568)
	at org.hyperskill.hstest.testing.execution.MainMethodExecutor.invokeMain(MainMethodExecutor.java:172)
	at org.hyperskill.hstest.testing.execution.MainMethodExecutor.lambda$launch$0(MainMethodExecutor.java:199)
	at java.base/java.util.concurrent.Executors$RunnableAdapter.call(Executors.java:539)
	at java.base/java.util.concurrent.FutureTask.run(FutureTask.java:264)
	at java.base/java.util.concurrent.ThreadPoolExecutor.runWorker(ThreadPoolExecutor.java:1136)
	at java.base/java.util.concurrent.ThreadPoolExecutor$Worker.run(ThreadPoolExecutor.java:635)
	at java.base/java.lang.Thread.run(Thread.java:833)
]]></system-err>
</testsuite>
