<?xml version="1.0" encoding="UTF-8"?>
<testsuite name="NumbersTest" tests="1" skipped="0" failures="0" errors="0" timestamp="2021-11-26T11:55:17" hostname="DESKTOP-4337CLR" time="0.284">
  <properties/>
  <testcase name="start" classname="NumbersTest" time="0.284"/>
  <system-out><![CDATA[?[1;31m
Start test 1?[0m
Enter a natural number:
> 0
This number is not natural!
This number is Even.
It is a Buzz number.
0 is neither divisible by 7 nor does it end with 7.
?[1;31m
Start test 2?[0m
Enter a natural number:
> -1
This number is not natural!
This number is Odd.
It is not a Buzz number.
-1 is neither divisible by 7 nor does it end with 7.
?[1;31m
Start test 3?[0m
Enter a natural number:
> -2
This number is not natural!
This number is Even.
It is not a Buzz number.
-2 is neither divisible by 7 nor does it end with 7.
?[1;31m
Start test 4?[0m
Enter a natural number:
> -3
This number is not natural!
This number is Odd.
It is not a Buzz number.
-3 is neither divisible by 7 nor does it end with 7.
?[1;31m
Start test 5?[0m
Enter a natural number:
> -4
This number is not natural!
This number is Even.
It is not a Buzz number.
-4 is neither divisible by 7 nor does it end with 7.
?[1;31m
Start test 6?[0m
Enter a natural number:
> -5
This number is not natural!
This number is Odd.
It is not a Buzz number.
-5 is neither divisible by 7 nor does it end with 7.
?[1;31m
Start test 7?[0m
Enter a natural number:
> 1
This number is Odd.
It is not a Buzz number.
1 is neither divisible by 7 nor does it end with 7.
?[1;31m
Start test 8?[0m
Enter a natural number:
> 2
This number is Even.
It is not a Buzz number.
2 is neither divisible by 7 nor does it end with 7.
?[1;31m
Start test 9?[0m
Enter a natural number:
> 3
This number is Odd.
It is not a Buzz number.
3 is neither divisible by 7 nor does it end with 7.
?[1;31m
Start test 10?[0m
Enter a natural number:
> 4
This number is Even.
It is not a Buzz number.
4 is neither divisible by 7 nor does it end with 7.
?[1;31m
Start test 11?[0m
Enter a natural number:
> 5
This number is Odd.
It is not a Buzz number.
5 is neither divisible by 7 nor does it end with 7.
?[1;31m
Start test 12?[0m
Enter a natural number:
> 6
This number is Even.
It is not a Buzz number.
6 is neither divisible by 7 nor does it end with 7.
?[1;31m
Start test 13?[0m
Enter a natural number:
> 7
This number is Odd.
It is a Buzz number.
Explanation:
7 is divisible by 7 and ends with 7.
It is a Buzz number.
7 is neither divisible by 7 nor does it end with 7.
?[1;31m
Start test 14?[0m
Enter a natural number:
> 8
This number is Even.
It is not a Buzz number.
8 is neither divisible by 7 nor does it end with 7.
?[1;31m
Start test 15?[0m
Enter a natural number:
> 9
This number is Odd.
It is not a Buzz number.
9 is neither divisible by 7 nor does it end with 7.
?[1;31m
Start test 16?[0m
Enter a natural number:
> 10
This number is Even.
It is not a Buzz number.
10 is neither divisible by 7 nor does it end with 7.
?[1;31m
Start test 17?[0m
Enter a natural number:
> 11
1
This number is Odd.
It is not a Buzz number.
Explanation
11 is neither divisible by 7 nor does it end with 7.
?[1;31m
Start test 18?[0m
Enter a natural number:
> 12
2
This number is Even.
It is not a Buzz number.
Explanation
12 is neither divisible by 7 nor does it end with 7.
?[1;31m
Start test 19?[0m
Enter a natural number:
> 13
3
This number is Odd.
It is not a Buzz number.
Explanation
13 is neither divisible by 7 nor does it end with 7.
?[1;31m
Start test 20?[0m
Enter a natural number:
> 14
4
This number is Even.
It is a Buzz number.
Explanation
14 is divisible by 7.
?[1;31m
Start test 21?[0m
Enter a natural number:
> 2611
1
This number is Odd.
It is a Buzz number.
Explanation
2611 is divisible by 7.
?[1;31m
Start test 22?[0m
Enter a natural number:
> 30338
8
This number is Even.
It is a Buzz number.
Explanation
30338 is divisible by 7.
?[1;31m
Start test 23?[0m
Enter a natural number:
> 1336
6
This number is Even.
It is not a Buzz number.
Explanation
1336 is neither divisible by 7 nor does it end with 7.
?[1;31m
Start test 24?[0m
Enter a natural number:
> 18333
3
This number is Odd.
It is a Buzz number.
Explanation
18333 is divisible by 7.
?[1;31m
Start test 25?[0m
Enter a natural number:
> 5365
5
This number is Odd.
It is not a Buzz number.
Explanation
5365 is neither divisible by 7 nor does it end with 7.
?[1;31m
Start test 26?[0m
Enter a natural number:
> 22322
2
This number is Even.
It is not a Buzz number.
Explanation
22322 is neither divisible by 7 nor does it end with 7.
?[1;31m
Start test 27?[0m
Enter a natural number:
> 8643
3
This number is Odd.
It is not a Buzz number.
Explanation
8643 is neither divisible by 7 nor does it end with 7.
?[1;31m
Start test 28?[0m
Enter a natural number:
> 19636
6
This number is Even.
It is not a Buzz number.
Explanation
19636 is neither divisible by 7 nor does it end with 7.
?[1;31m
Start test 29?[0m
Enter a natural number:
> 28636
6
This number is Even.
It is not a Buzz number.
Explanation
28636 is neither divisible by 7 nor does it end with 7.
?[1;31m
Start test 30?[0m
Enter a natural number:
> 2496
6
This number is Even.
It is not a Buzz number.
Explanation
2496 is neither divisible by 7 nor does it end with 7.
?[1;31m
Start test 31?[0m
Enter a natural number:
> 32155
5
This number is Odd.
It is not a Buzz number.
Explanation
32155 is neither divisible by 7 nor does it end with 7.
?[1;31m
Start test 32?[0m
Enter a natural number:
> 16041
1
This number is Odd.
It is not a Buzz number.
Explanation
16041 is neither divisible by 7 nor does it end with 7.
?[1;31m
Start test 33?[0m
Enter a natural number:
> 23144
4
This number is Even.
It is not a Buzz number.
Explanation
23144 is neither divisible by 7 nor does it end with 7.
?[1;31m
Start test 34?[0m
Enter a natural number:
> 1664
4
This number is Even.
It is not a Buzz number.
Explanation
1664 is neither divisible by 7 nor does it end with 7.
?[1;31m
Start test 35?[0m
Enter a natural number:
> 7375
5
This number is Odd.
It is not a Buzz number.
Explanation
7375 is neither divisible by 7 nor does it end with 7.
?[1;31m
Start test 36?[0m
Enter a natural number:
> 22161
1
This number is Odd.
It is not a Buzz number.
Explanation
22161 is neither divisible by 7 nor does it end with 7.
?[1;31m
Start test 37?[0m
Enter a natural number:
> 2332
2
This number is Even.
It is not a Buzz number.
Explanation
2332 is neither divisible by 7 nor does it end with 7.
?[1;31m
Start test 38?[0m
Enter a natural number:
> 4573
3
This number is Odd.
It is not a Buzz number.
Explanation
4573 is neither divisible by 7 nor does it end with 7.
?[1;31m
Start test 39?[0m
Enter a natural number:
> 4224
4
This number is Even.
It is not a Buzz number.
Explanation
4224 is neither divisible by 7 nor does it end with 7.
?[1;31m
Start test 40?[0m
Enter a natural number:
> 22986
6
This number is Even.
It is not a Buzz number.
Explanation
22986 is neither divisible by 7 nor does it end with 7.
]]></system-out>
  <system-err><![CDATA[]]></system-err>
</testsuite>
